nohup: ignoring input
connecting to socket server...
connected 0JXO_3o-x0JAHq2wAAAF
forceCrash received { last_time: 3.75 }
forceCrash received { last_time: 1 }
forceCrash received { last_time: 1 }
forceCrash received { last_time: 1 }
forceCrash received { last_time: 1 }
forceCrash received { last_time: 1 }
forceCrash received { last_time: 1 }
forceCrash received { last_time: 1 }
forceCrash received { last_time: 1 }
forceCrash received { last_time: 1 }
forceCrash received { last_time: 1 }
forceCrash received { last_time: 1 }
forceCrash received { last_time: 1 }
forceCrash received { last_time: 1 }
forceCrash received { last_time: 1 }
connected k5fYOPq876aF43wuAAAB
forceCrash received { last_time: 1 }
forceCrash received { last_time: 2 }
forceCrash received { last_time: 1 }
